0 info it worked if it ends with ok
1 verbose cli [ '/home/astynax/nodejs/bin/node',
1 verbose cli   '/home/astynax/nodejs/bin/npm',
1 verbose cli   'run',
1 verbose cli   'build' ]
2 info using npm@3.10.3
3 info using node@v6.4.0
4 verbose stack Error: ENOENT: no such file or directory, open '/home/astynax/Projects/xod/xod-client/src/package.json'
4 verbose stack     at Error (native)
5 verbose cwd /home/astynax/Projects/xod/xod-client/src/project
6 error Linux 4.4.0-34-generic
7 error argv "/home/astynax/nodejs/bin/node" "/home/astynax/nodejs/bin/npm" "run" "build"
8 error node v6.4.0
9 error npm  v3.10.3
10 error path /home/astynax/Projects/xod/xod-client/src/package.json
11 error code ENOENT
12 error errno -2
13 error syscall open
14 error enoent ENOENT: no such file or directory, open '/home/astynax/Projects/xod/xod-client/src/package.json'
15 error enoent ENOENT: no such file or directory, open '/home/astynax/Projects/xod/xod-client/src/package.json'
15 error enoent This is most likely not a problem with npm itself
15 error enoent and is related to npm not being able to find a file.
16 verbose exit [ -2, true ]
